[INFO] Scanning for projects...
[WARNING] 
[WARNING] Some problems were encountered while building the effective model for com.cqblueprints.example:cqblueprints-example-all:content-package:1.0.0-SNAPSHOT
[WARNING] 'dependencyManagement.dependencies.dependency.(groupId:artifactId:type:classifier)' must be unique: org.apache.sling:org.apache.sling.api:jar -> duplicate declaration of version 2.4.3-R1488084 @ com.cqblueprints.example:parent:1.0.0-SNAPSHOT, C:\Users\intelligrape\Desktop\CQBlue\Training\cqblueprints-example\pom.xml, line 108, column 16
[WARNING] 
[WARNING] Some problems were encountered while building the effective model for com.cqblueprints.example:cqblueprints-example-services:bundle:1.0.0-SNAPSHOT
[WARNING] 'dependencyManagement.dependencies.dependency.(groupId:artifactId:type:classifier)' must be unique: org.apache.sling:org.apache.sling.api:jar -> duplicate declaration of version 2.4.3-R1488084 @ com.cqblueprints.example:parent:1.0.0-SNAPSHOT, C:\Users\intelligrape\Desktop\CQBlue\Training\cqblueprints-example\pom.xml, line 108, column 16
[WARNING] 
[WARNING] Some problems were encountered while building the effective model for com.cqblueprints.example:cqblueprints-example-taglib:bundle:1.0.0-SNAPSHOT
[WARNING] 'dependencyManagement.dependencies.dependency.(groupId:artifactId:type:classifier)' must be unique: org.apache.sling:org.apache.sling.api:jar -> duplicate declaration of version 2.4.3-R1488084 @ com.cqblueprints.example:parent:1.0.0-SNAPSHOT, C:\Users\intelligrape\Desktop\CQBlue\Training\cqblueprints-example\pom.xml, line 108, column 16
[WARNING] 
[WARNING] Some problems were encountered while building the effective model for com.cqblueprints.example:cqblueprints-example-view:content-package:1.0.0-SNAPSHOT
[WARNING] 'dependencyManagement.dependencies.dependency.(groupId:artifactId:type:classifier)' must be unique: org.apache.sling:org.apache.sling.api:jar -> duplicate declaration of version 2.4.3-R1488084 @ com.cqblueprints.example:parent:1.0.0-SNAPSHOT, C:\Users\intelligrape\Desktop\CQBlue\Training\cqblueprints-example\pom.xml, line 108, column 16
[WARNING] 
[WARNING] Some problems were encountered while building the effective model for com.cqblueprints.example:cqblueprints-example-config:content-package:1.0.0-SNAPSHOT
[WARNING] 'dependencyManagement.dependencies.dependency.(groupId:artifactId:type:classifier)' must be unique: org.apache.sling:org.apache.sling.api:jar -> duplicate declaration of version 2.4.3-R1488084 @ com.cqblueprints.example:parent:1.0.0-SNAPSHOT, C:\Users\intelligrape\Desktop\CQBlue\Training\cqblueprints-example\pom.xml, line 108, column 16
[WARNING] 
[WARNING] Some problems were encountered while building the effective model for com.cqblueprints.example:cqblueprints-example-content:content-package:1.0.0-SNAPSHOT
[WARNING] 'dependencyManagement.dependencies.dependency.(groupId:artifactId:type:classifier)' must be unique: org.apache.sling:org.apache.sling.api:jar -> duplicate declaration of version 2.4.3-R1488084 @ com.cqblueprints.example:parent:1.0.0-SNAPSHOT, C:\Users\intelligrape\Desktop\CQBlue\Training\cqblueprints-example\pom.xml, line 108, column 16
[WARNING] 
[WARNING] Some problems were encountered while building the effective model for com.cqblueprints.example:parent:pom:1.0.0-SNAPSHOT
[WARNING] 'dependencyManagement.dependencies.dependency.(groupId:artifactId:type:classifier)' must be unique: org.apache.sling:org.apache.sling.api:jar -> duplicate declaration of version 2.4.3-R1488084 @ line 108, column 16
[WARNING] 
[WARNING] It is highly recommended to fix these problems because they threaten the stability of your build.
[WARNING] 
[WARNING] For this reason, future Maven versions might no longer support building such malformed projects.
[WARNING] 
[INFO] ------------------------------------------------------------------------
[INFO] Reactor Build Order:
[INFO] 
[INFO] com.cqblueprints.example - parent
[INFO] com.cqblueprints.example - cqblueprints-example-config
[INFO] com.cqblueprints.example - cqblueprints-example-view
[INFO] com.cqblueprints.example - cqblueprints-example-services
[INFO] com.cqblueprints.example - cqblueprints-example-taglib
[INFO] com.cqblueprints.example - cqblueprints-example-all
[INFO] com.cqblueprints.example - cqblueprints-example-content
[INFO] 
[INFO] Using the builder org.apache.maven.lifecycle.internal.builder.singlethreaded.SingleThreadedBuilder with a thread count of 1
[INFO]                                                                         
[INFO] ------------------------------------------------------------------------
[INFO] Building com.cqblueprints.example - parent 1.0.0-SNAPSHOT
[INFO] ------------------------------------------------------------------------
[INFO] ------------------------------------------------------------------------
[INFO] Reactor Summary:
[INFO] 
[INFO] com.cqblueprints.example - parent ................. FAILURE [  0.004 s]
[INFO] com.cqblueprints.example - cqblueprints-example-config  SKIPPED
[INFO] com.cqblueprints.example - cqblueprints-example-view  SKIPPED
[INFO] com.cqblueprints.example - cqblueprints-example-services  SKIPPED
[INFO] com.cqblueprints.example - cqblueprints-example-taglib  SKIPPED
[INFO] com.cqblueprints.example - cqblueprints-example-all  SKIPPED
[INFO] com.cqblueprints.example - cqblueprints-example-content  SKIPPED
[INFO] ------------------------------------------------------------------------
[INFO] BUILD FAILURE
[INFO] ------------------------------------------------------------------------
[INFO] Total time: 1.934 s
[INFO] Finished at: 2014-04-07T12:46:42+05:30
[INFO] Final Memory: 9M/152M
[INFO] ------------------------------------------------------------------------
[ERROR] Unknown lifecycle phase "mvn". You must specify a valid lifecycle phase or a goal in the format <plugin-prefix>:<goal> or <plugin-group-id>:<plugin-artifact-id>[:<plugin-version>]:<goal>. Available lifecycle phases are: validate, initialize, generate-sources, process-sources, generate-resources, process-resources, compile, process-classes, generate-test-sources, process-test-sources, generate-test-resources, process-test-resources, test-compile, process-test-classes, test, prepare-package, package, pre-integration-test, integration-test, post-integration-test, verify, install, deploy, pre-clean, clean, post-clean, pre-site, site, post-site, site-deploy. -> [Help 1]
[ERROR] 
[ERROR] To see the full stack trace of the errors, re-run Maven with the -e switch.
[ERROR] Re-run Maven using the -X switch to enable full debug logging.
[ERROR] 
[ERROR] For more information about the errors and possible solutions, please read the following articles:
[ERROR] [Help 1] http://cwiki.apache.org/confluence/display/MAVEN/LifecyclePhaseNotFoundException
